<?xml version="1.0" encoding="UTF-8"?>
<!-- Generated by org.testng.reporters.JUnitReportReporter -->
<testsuite hostname="LAPTOP-G2HUCADO" failures="0" tests="1" name="Project2.Imageclick" time="75.911" errors="0" timestamp="2023-03-03T20:01:51 IST" skipped="0">
  <testcase classname="Project2.Imageclick" name="Image" time="75.911"/>
  <system-out/>
</testsuite> <!-- Project2.Imageclick -->
