<?xml version="1.0" encoding="UTF-8"?>
<!-- Generated by org.testng.reporters.JUnitReportReporter -->
<testsuite hostname="LAPTOP-G2HUCADO" failures="0" tests="1" name="Project2.Bookstorelogin" time="103.850" errors="0" timestamp="2023-03-03T18:11:00 IST" skipped="0">
  <testcase classname="Project2.Bookstorelogin" name="Login" time="103.850"/>
  <system-out/>
</testsuite> <!-- Project2.Bookstorelogin -->
