<?xml version="1.0" encoding="UTF-8"?>
<!-- Generated by org.testng.reporters.JUnitReportReporter -->
<testsuite hostname="LAPTOP-G2HUCADO" failures="0" tests="1" name="Project2.BookStore" time="77.197" errors="0" timestamp="2023-03-03T18:49:46 IST" skipped="0">
  <testcase classname="Project2.BookStore" name="Store" time="77.197"/>
  <system-out/>
</testsuite> <!-- Project2.BookStore -->
