<?xml version="1.0" encoding="UTF-8"?>
<!-- Generated by org.testng.reporters.JUnitReportReporter -->
<testsuite hostname="LAPTOP-G2HUCADO" failures="0" tests="1" name="Project2.VerifyUrl" time="0.019" errors="0" timestamp="2023-03-03T16:40:18 IST" skipped="0">
  <testcase classname="Project2.VerifyUrl" name="main" time="0.019"/>
  <system-out/>
</testsuite> <!-- Project2.VerifyUrl -->
