<?xml version="1.0" encoding="UTF-8"?>
<!-- Generated by org.testng.reporters.JUnitReportReporter -->
<testsuite hostname="LAPTOP-G2HUCADO" failures="0" tests="1" name="Project2.InteractionClick" time="155.337" errors="0" timestamp="2023-03-03T17:24:26 IST" skipped="0">
  <testcase classname="Project2.InteractionClick" name="click" time="155.337"/>
  <system-out/>
</testsuite> <!-- Project2.InteractionClick -->
