<?xml version="1.0" encoding="UTF-8"?>
<!-- Generated by org.testng.reporters.JUnitReportReporter -->
<testsuite hostname="LAPTOP-G2HUCADO" failures="0" tests="1" name="Project2.Slide" time="61.611" errors="0" timestamp="2023-03-03T20:27:44 IST" skipped="0">
  <testcase classname="Project2.Slide" name="Slider" time="61.611"/>
  <system-out/>
</testsuite> <!-- Project2.Slide -->
