<?xml version="1.0" encoding="UTF-8"?>
<!-- Generated by org.testng.reporters.JUnitReportReporter -->
<testsuite hostname="LAPTOP-G2HUCADO" failures="0" tests="1" name="Project2.selectableclick" time="154.747" errors="0" timestamp="2023-03-03T17:46:10 IST" skipped="0">
  <testcase classname="Project2.selectableclick" name="Selectable" time="154.747"/>
  <system-out/>
</testsuite> <!-- Project2.selectableclick -->
